<?xml version="1.0" encoding="UTF-8"?>
<!-- Generated by org.testng.reporters.JUnitXMLReporter -->
<testsuite hostname="MC0Y6RJC" name="RegressionTest" tests="4" failures="0" timestamp="9 Jul 2018 07:38:08 GMT" time="74.553" errors="0">
  <testcase name="testLoginPage" time="10.073" classname="com.testCases.VerifyLoginPageWithReports1"/>
  <testcase name="testLoginPage" time="9.623" classname="com.testCases.VerifyLoginPageWithReports"/>
  <testcase name="testLoginPage" time="7.666" classname="com.testCases.VerifyLoginPage"/>
  <testcase name="testHomePage" time="0.445" classname="com.testCases.VerifyHomePage"/>
</testsuite> <!-- RegressionTest -->
