<?xml version="1.0" encoding="UTF-8"?>
<testng-results skipped="0" failed="0" total="4" passed="4">
  <reporter-output>
  </reporter-output>
  <suite name="RegressionSuite" duration-ms="74553" started-at="2018-07-09T07:36:53Z" finished-at="2018-07-09T07:38:08Z">
    <groups>
    </groups>
    <test name="RegressionTest" duration-ms="74553" started-at="2018-07-09T07:36:53Z" finished-at="2018-07-09T07:38:08Z">
      <class name="com.testCases.VerifyLoginPageWithReports1">
        <test-method status="PASS" signature="setUp()[pri:0, instance:com.testCases.VerifyLoginPageWithReports1@39aeed2f]" name="setUp" is-config="true" duration-ms="12613" started-at="2018-07-09T13:06:53Z" finished-at="2018-07-09T13:07:06Z">
          <reporter-output>
          </reporter-output>
        </test-method> <!-- setUp -->
        <test-method status="PASS" signature="testLoginPage()[pri:0, instance:com.testCases.VerifyLoginPageWithReports1@39aeed2f]" name="testLoginPage" duration-ms="10073" started-at="2018-07-09T13:07:06Z" finished-at="2018-07-09T13:07:16Z">
          <reporter-output>
          </reporter-output>
        </test-method> <!-- testLoginPage -->
        <test-method status="PASS" signature="tearDown(org.testng.ITestResult)[pri:0, instance:com.testCases.VerifyLoginPageWithReports1@39aeed2f]" name="tearDown" is-config="true" duration-ms="610" started-at="2018-07-09T13:07:16Z" finished-at="2018-07-09T13:07:16Z">
          <params>
            <param index="0">
              <value>
                <![CDATA[[TestResult name=testLoginPage status=SUCCESS method=VerifyLoginPageWithReports1.testLoginPage()[pri:0, instance:com.testCases.VerifyLoginPageWithReports1@39aeed2f] output={null}]]]>
              </value>
            </param>
          </params>
          <reporter-output>
          </reporter-output>
        </test-method> <!-- tearDown -->
      </class> <!-- com.testCases.VerifyLoginPageWithReports1 -->
      <class name="com.testCases.VerifyHomePage">
        <test-method status="PASS" signature="setUp()[pri:0, instance:com.testCases.VerifyHomePage@224edc67]" name="setUp" is-config="true" duration-ms="10949" started-at="2018-07-09T13:07:56Z" finished-at="2018-07-09T13:08:07Z">
          <reporter-output>
          </reporter-output>
        </test-method> <!-- setUp -->
        <test-method status="PASS" signature="testHomePage()[pri:0, instance:com.testCases.VerifyHomePage@224edc67]" name="testHomePage" duration-ms="445" started-at="2018-07-09T13:08:07Z" finished-at="2018-07-09T13:08:07Z">
          <reporter-output>
          </reporter-output>
        </test-method> <!-- testHomePage -->
        <test-method status="PASS" signature="tearDown()[pri:0, instance:com.testCases.VerifyHomePage@224edc67]" name="tearDown" is-config="true" duration-ms="432" started-at="2018-07-09T13:08:07Z" finished-at="2018-07-09T13:08:08Z">
          <reporter-output>
          </reporter-output>
        </test-method> <!-- tearDown -->
      </class> <!-- com.testCases.VerifyHomePage -->
      <class name="com.testCases.VerifyLoginPageWithReports">
        <test-method status="PASS" signature="setUp()[pri:0, instance:com.testCases.VerifyLoginPageWithReports@26be92ad]" name="setUp" is-config="true" duration-ms="10672" started-at="2018-07-09T13:07:16Z" finished-at="2018-07-09T13:07:27Z">
          <reporter-output>
          </reporter-output>
        </test-method> <!-- setUp -->
        <test-method status="PASS" signature="testLoginPage()[pri:0, instance:com.testCases.VerifyLoginPageWithReports@26be92ad]" name="testLoginPage" duration-ms="9623" started-at="2018-07-09T13:07:27Z" finished-at="2018-07-09T13:07:37Z">
          <reporter-output>
          </reporter-output>
        </test-method> <!-- testLoginPage -->
        <test-method status="PASS" signature="tearDown()[pri:0, instance:com.testCases.VerifyLoginPageWithReports@26be92ad]" name="tearDown" is-config="true" duration-ms="483" started-at="2018-07-09T13:07:37Z" finished-at="2018-07-09T13:07:37Z">
          <reporter-output>
          </reporter-output>
        </test-method> <!-- tearDown -->
      </class> <!-- com.testCases.VerifyLoginPageWithReports -->
      <class name="com.testCases.VerifyLoginPage">
        <test-method status="PASS" signature="setUp()[pri:0, instance:com.testCases.VerifyLoginPage@4c70fda8]" name="setUp" is-config="true" duration-ms="10522" started-at="2018-07-09T13:07:37Z" finished-at="2018-07-09T13:07:48Z">
          <reporter-output>
          </reporter-output>
        </test-method> <!-- setUp -->
        <test-method status="PASS" signature="testLoginPage()[pri:0, instance:com.testCases.VerifyLoginPage@4c70fda8]" name="testLoginPage" duration-ms="7666" started-at="2018-07-09T13:07:48Z" finished-at="2018-07-09T13:07:55Z">
          <reporter-output>
          </reporter-output>
        </test-method> <!-- testLoginPage -->
        <test-method status="PASS" signature="tearDown()[pri:0, instance:com.testCases.VerifyLoginPage@4c70fda8]" name="tearDown" is-config="true" duration-ms="430" started-at="2018-07-09T13:07:55Z" finished-at="2018-07-09T13:07:56Z">
          <reporter-output>
          </reporter-output>
        </test-method> <!-- tearDown -->
      </class> <!-- com.testCases.VerifyLoginPage -->
    </test> <!-- RegressionTest -->
  </suite> <!-- RegressionSuite -->
</testng-results>
